<?xml version="1.0" encoding="UTF-8"?>
<!-- Generated by org.testng.reporters.JUnitXMLReporter -->
<testsuite ignored="0" hostname="Animeshs-MacBook-Pro.local" failures="0" tests="6" name="Default test" time="47.062" errors="0" timestamp="07 Mar 2025 21:14:42 GMT">
  <testcase classname="com.tutorialninja.testcases.RegistrationTest" name="verifyRegisteringAUser" time="3.148"/>
  <testcase classname="com.tutorialninja.testcases.RegistrationTest" name="verifyErrorMsgIfFirstNameFieldAreBlanks" time="2.598"/>
  <testcase classname="com.tutorialninja.testcases.RegistrationTest" name="verifyMsgEnteringTwoDifferentPasswords" time="2.53"/>
  <testcase classname="com.tutorialninja.testcases.RegistrationTest" name="verifyMsgWhenDuplicateEmailIsAdded" time="3.443"/>
  <testcase classname="com.tutorialninja.testcases.RegistrationTest" name="uncheckTheAcceptCheckboxAndSubmit" time="3.614"/>
  <testcase classname="com.tutorialninja.testcases.RegistrationTest" name="verifyErrorMsgIfAllFieldsAreBlanks" time="2.4"/>
</testsuite> <!-- Default test -->
