<?xml version="1.0" encoding="UTF-8"?>
<!-- Generated by org.testng.reporters.JUnitXMLReporter -->
<testsuite ignored="0" hostname="Animeshs-MacBook-Pro.local" failures="0" tests="5" name="Default test" time="43.206" errors="0" timestamp="01 Mar 2025 20:03:52 GMT">
  <testcase classname="com.tutorialninja.testcases.LoginTest" name="loginWithValidCred" time="4.225"/>
  <testcase classname="com.tutorialninja.testcases.LoginTest" name="loginWithInvalidCred" time="2.722"/>
  <testcase classname="com.tutorialninja.testcases.LoginTest" name="loginWithvalidIDAndInvalidPass" time="1.619"/>
  <testcase classname="com.tutorialninja.testcases.LoginTest" name="loginWithInvalidIDAndValidPass" time="1.667"/>
  <testcase classname="com.tutorialninja.testcases.LoginTest" name="loginWithblankCred" time="2.208"/>
</testsuite> <!-- Default test -->
