<?xml version="1.0" encoding="UTF-8"?>
<!-- Generated by org.testng.reporters.JUnitXMLReporter -->
<testsuite ignored="0" hostname="Animeshs-MacBook-Pro.local" failures="0" tests="2" name="LoginTest" time="16.381" errors="0" timestamp="2025-03-16T15:36:33 PDT">
  <testcase classname="com.tutorialninja.testcases.LoginTest" name="loginWithValidCred" time="2.442"/>
  <testcase classname="com.tutorialninja.testcases.LoginTest" name="loginWithInvalidCred" time="1.445"/>
</testsuite> <!-- LoginTest -->
