<?xml version="1.0" encoding="UTF-8"?>
<!-- Generated by org.testng.reporters.JUnitXMLReporter -->
<testsuite ignored="0" hostname="Animeshs-MacBook-Pro.local" failures="0" tests="2" name="LoginTest Chrome" time="24.046" errors="0" timestamp="2025-03-20T16:01:04 PDT">
  <testcase classname="com.tutorialninja.testcases.LoginTest" name="loginWithValidCred" time="2.851"/>
  <testcase classname="com.tutorialninja.testcases.LoginTest" name="loginWithInvalidCred" time="1.566"/>
</testsuite> <!-- LoginTest Chrome -->
