<?xml version="1.0" encoding="UTF-8"?>
<!-- Generated by org.testng.reporters.JUnitXMLReporter -->
<testsuite ignored="0" hostname="Animeshs-MacBook-Pro.local" failures="0" tests="9" name="RegistrationTest" time="49.715" errors="0" timestamp="2025-03-10T13:18:19 PDT">
  <testcase classname="com.tutorialninja.testcases.LoginTest" name="loginWithValidCred" time="2.356"/>
  <testcase classname="com.tutorialninja.testcases.LoginTest" name="loginWithInvalidCred" time="1.633"/>
  <testcase classname="com.tutorialninja.testcases.LoginTest" name="loginWithvalidIDAndInvalidPass" time="1.102"/>
  <testcase classname="com.tutorialninja.testcases.LoginTest" name="loginWithInvalidIDAndValidPass" time="1.155"/>
  <testcase classname="com.tutorialninja.testcases.LoginTest" name="loginWithblankCred" time="0.998"/>
  <testcase classname="com.tutorialninja.testcases.LoginTest" name="forgotPassword" time="0.51"/>
  <testcase classname="com.tutorialninja.testcases.LoginTest" name="keyboardActions" time="1.362"/>
  <testcase classname="com.tutorialninja.testcases.LoginTest" name="verifyPlaceholder" time="0.084"/>
  <testcase classname="com.tutorialninja.testcases.LoginTest" name="logoutAndBrowsingBack" time="1.444"/>
</testsuite> <!-- RegistrationTest -->
