<?xml version="1.0" encoding="UTF-8"?>
<!-- Generated by org.testng.reporters.JUnitXMLReporter -->
<testsuite ignored="0" hostname="Rimas-MacBook-Pro.local" failures="0" tests="3" name="SearchTest" time="21.336" errors="0" timestamp="2025-04-15T18:30:30 PDT">
  <testcase classname="com.tutorialninja.testcases.SearchTest" name="searchWithExistingProduct" time="2.131"/>
  <testcase classname="com.tutorialninja.testcases.SearchTest" name="searchWithNonExistingProduct" time="1.623"/>
  <testcase classname="com.tutorialninja.testcases.SearchTest" name="selectSubCatagory" time="2.625"/>
</testsuite> <!-- SearchTest -->
