<?xml version="1.0" encoding="UTF-8"?>
<testng-results ignored="0" total="1" passed="1" failed="0" skipped="0">
  <reporter-output>
  </reporter-output>
  <suite started-at="2025-04-16T17:25:46 PDT" name="Suite" finished-at="2025-04-16T17:26:04 PDT" duration-ms="17363">
    <groups>
    </groups>
    <test started-at="2025-04-16T17:25:46 PDT" name="SearchTest" finished-at="2025-04-16T17:26:04 PDT" duration-ms="17363">
      <class name="com.tutorialninja.testcases.SearchTest">
        <test-method is-config="true" signature="setUp(java.lang.String)[pri:0, instance:com.tutorialninja.testcases.SearchTest@64beebb7]" started-at="2025-04-16T17:25:46 PDT" name="setUp" finished-at="2025-04-16T17:26:02 PDT" duration-ms="15306" status="PASS">
          <params>
            <param index="0">
              <value>
                <![CDATA[chrome]]>
              </value>
            </param>
          </params>
          <reporter-output>
          </reporter-output>
        </test-method> <!-- setUp -->
        <test-method signature="verifyProductWithSpecialChar()[pri:0, instance:com.tutorialninja.testcases.SearchTest@64beebb7]" started-at="2025-04-16T17:26:02 PDT" name="verifyProductWithSpecialChar" finished-at="2025-04-16T17:26:04 PDT" duration-ms="1906" status="PASS">
          <reporter-output>
          </reporter-output>
        </test-method> <!-- verifyProductWithSpecialChar -->
        <test-method is-config="true" signature="tearDown()[pri:0, instance:com.tutorialninja.testcases.SearchTest@64beebb7]" started-at="2025-04-16T17:26:04 PDT" name="tearDown" finished-at="2025-04-16T17:26:04 PDT" duration-ms="126" status="PASS">
          <reporter-output>
          </reporter-output>
        </test-method> <!-- tearDown -->
      </class> <!-- com.tutorialninja.testcases.SearchTest -->
    </test> <!-- SearchTest -->
  </suite> <!-- Suite -->
</testng-results>
