<?xml version="1.0" encoding="UTF-8"?>
<testng-results ignored="0" total="1" passed="1" failed="0" skipped="0">
  <reporter-output>
  </reporter-output>
  <suite started-at="2025-03-06T07:43:56Z" name="Default suite" finished-at="2025-03-06T07:44:07Z" duration-ms="11493">
    <groups>
    </groups>
    <test started-at="2025-03-06T07:43:56Z" name="Default test" finished-at="2025-03-06T07:44:07Z" duration-ms="11493">
      <class name="com.tutorialninja.testcases.RegistrationTest">
        <test-method is-config="true" signature="setUp()[pri:0, instance:com.tutorialninja.testcases.RegistrationTest@6283d8b8]" started-at="2025-03-05T23:43:56Z" name="setUp" finished-at="2025-03-05T23:44:01Z" duration-ms="5298" status="PASS">
          <reporter-output>
          </reporter-output>
        </test-method> <!-- setUp -->
        <test-method signature="verifyRegisteringAUser()[pri:0, instance:com.tutorialninja.testcases.RegistrationTest@6283d8b8]" started-at="2025-03-05T23:44:01Z" name="verifyRegisteringAUser" finished-at="2025-03-05T23:44:07Z" duration-ms="5933" status="PASS">
          <reporter-output>
          </reporter-output>
        </test-method> <!-- verifyRegisteringAUser -->
        <test-method is-config="true" signature="tearDown()[pri:0, instance:com.tutorialninja.testcases.RegistrationTest@6283d8b8]" started-at="2025-03-05T23:44:07Z" name="tearDown" finished-at="2025-03-05T23:44:07Z" duration-ms="227" status="PASS">
          <reporter-output>
          </reporter-output>
        </test-method> <!-- tearDown -->
      </class> <!-- com.tutorialninja.testcases.RegistrationTest -->
    </test> <!-- Default test -->
  </suite> <!-- Default suite -->
</testng-results>
